<?xml version="1.0" encoding="UTF-8"?>
<!-- Generated by org.testng.reporters.JUnitXMLReporter -->
<testsuite ignored="0" hostname="ITEM-S138736" failures="1" tests="1" name="Default test" time="0.732" errors="0" timestamp="2023-09-06T12:43:17 IST">
  <testcase classname="io.cucumber.testng.AbstractTestNGCucumberTests" name="runScenario" time="0.102">
    <failure type="java.lang.NullPointerException" message="Cannot invoke &amp;quot;rahulshettyacademy.pageobjects.LandingPage.loginApplication(String, String)&amp;quot; because &amp;quot;this.landingPage&amp;quot; is null">
      <![CDATA[java.lang.NullPointerException: Cannot invoke "rahulshettyacademy.pageobjects.LandingPage.loginApplication(String, String)" because "this.landingPage" is null
at rahulshettyacademy.stepDefinitions.StepDefinitionImpl.logged_in_username_and_password(StepDefinitionImpl.java:35)
at ✽.Logged in with username rahulshetty@gmail.com and password Iamking@000(file:///C:/Users/hanand/eclipse-workspace/SeleniumDesignFramework/src/test/java/cucumber/SubmitOrder.feature:12)
]]>
    </failure>
  </testcase> <!-- runScenario -->
</testsuite> <!-- Default test -->
