<?xml version="1.0" encoding="UTF-8"?>
<!-- Generated by org.testng.reporters.JUnitReportReporter -->
<testsuite hostname="ITEM-S138736" failures="0" tests="1" name="cucumber.TestNGTestRunner" time="0.102" errors="1" timestamp="2023-09-06T12:43:17 IST" skipped="0">
  <testcase classname="cucumber.TestNGTestRunner" name="runScenario" time="0.102">
    <error message="Cannot invoke &quot;rahulshettyacademy.pageobjects.LandingPage.loginApplication(String, String)&quot; because &quot;this.landingPage&quot; is null" type="java.lang.NullPointerException">
      <![CDATA[java.lang.NullPointerException: Cannot invoke "rahulshettyacademy.pageobjects.LandingPage.loginApplication(String, String)" because "this.landingPage" is null
at rahulshettyacademy.stepDefinitions.StepDefinitionImpl.logged_in_username_and_password(StepDefinitionImpl.java:35)
at ✽.Logged in with username rahulshetty@gmail.com and password Iamking@000(file:///C:/Users/hanand/eclipse-workspace/SeleniumDesignFramework/src/test/java/cucumber/SubmitOrder.feature:12)
]]>
    </error>
  </testcase> <!-- runScenario -->
</testsuite> <!-- cucumber.TestNGTestRunner -->
